<?xml version="1.0" encoding="UTF-8"?>
<!-- Generated by org.testng.reporters.JUnitReportReporter -->
<testsuite hostname="DESKTOP-2J0JQFS" failures="0" tests="1" name="TestCases.Test_LocateMe" time="20.618" errors="0" timestamp="2023-12-24T23:55:42 IST" skipped="0">
  <testcase classname="TestCases.Test_LocateMe" name="test_Location" time="20.618"/>
</testsuite> <!-- TestCases.Test_LocateMe -->
